<?xml version="1.0" encoding="UTF-8"?>
<coverage generated="1669067047990" clover="3.2.0">
  <project timestamp="1669067047991" name="All files">
    <metrics statements="31" coveredstatements="30" conditionals="6" coveredconditionals="5" methods="11" coveredmethods="11" elements="48" coveredelements="46" complexity="0" loc="31" ncloc="31" packages="4" files="10" classes="10"/>
    <package name="src">
      <metrics statements="4" coveredstatements="4" conditionals="0" coveredconditionals="0" methods="2" coveredmethods="2"/>
      <file name="App.js" path="/home/kye/Desktop/random/exercises/exercise-digimon-finders/src/App.js">
        <metrics statements="1" coveredstatements="1" conditionals="0" coveredconditionals="0" methods="1" coveredmethods="1"/>
        <line num="10" count="8" type="stmt"/>
      </file>
      <file name="renderWithRouter.js" path="/home/kye/Desktop/random/exercises/exercise-digimon-finders/src/renderWithRouter.js">
        <metrics statements="3" coveredstatements="3" conditionals="0" coveredconditionals="0" methods="1" coveredmethods="1"/>
        <line num="6" count="2" type="stmt"/>
        <line num="7" count="8" type="stmt"/>
        <line num="8" count="8" type="stmt"/>
      </file>
    </package>
    <package name="src.components">
      <metrics statements="6" coveredstatements="6" conditionals="2" coveredconditionals="2" methods="2" coveredmethods="2"/>
      <file name="Digimon.js" path="/home/kye/Desktop/random/exercises/exercise-digimon-finders/src/components/Digimon.js">
        <metrics statements="5" coveredstatements="5" conditionals="2" coveredconditionals="2" methods="1" coveredmethods="1"/>
        <line num="6" count="2" type="cond" truecount="2" falsecount="0"/>
        <line num="7" count="1" type="stmt"/>
        <line num="10" count="1" type="stmt"/>
        <line num="19" count="2" type="stmt"/>
        <line num="28" count="2" type="stmt"/>
      </file>
      <file name="Header.js" path="/home/kye/Desktop/random/exercises/exercise-digimon-finders/src/components/Header.js">
        <metrics statements="1" coveredstatements="1" conditionals="0" coveredconditionals="0" methods="1" coveredmethods="1"/>
        <line num="8" count="32" type="stmt"/>
      </file>
    </package>
    <package name="src.images">
      <metrics statements="3" coveredstatements="3" conditionals="0" coveredconditionals="0" methods="0" coveredmethods="0"/>
      <file name="crying_digimon.webp" path="/home/kye/Desktop/random/exercises/exercise-digimon-finders/src/images/crying_digimon.webp">
        <metrics statements="1" coveredstatements="1" conditionals="0" coveredconditionals="0" methods="0" coveredmethods="0"/>
        <line num="1" count="2" type="stmt"/>
      </file>
      <file name="digimon_group.jpeg" path="/home/kye/Desktop/random/exercises/exercise-digimon-finders/src/images/digimon_group.jpeg">
        <metrics statements="1" coveredstatements="1" conditionals="0" coveredconditionals="0" methods="0" coveredmethods="0"/>
        <line num="1" count="2" type="stmt"/>
      </file>
      <file name="logodigimon.webp" path="/home/kye/Desktop/random/exercises/exercise-digimon-finders/src/images/logodigimon.webp">
        <metrics statements="1" coveredstatements="1" conditionals="0" coveredconditionals="0" methods="0" coveredmethods="0"/>
        <line num="1" count="2" type="stmt"/>
      </file>
    </package>
    <package name="src.pages">
      <metrics statements="18" coveredstatements="17" conditionals="4" coveredconditionals="3" methods="7" coveredmethods="7"/>
      <file name="About.js" path="/home/kye/Desktop/random/exercises/exercise-digimon-finders/src/pages/About.js">
        <metrics statements="1" coveredstatements="1" conditionals="0" coveredconditionals="0" methods="1" coveredmethods="1"/>
        <line num="8" count="1" type="stmt"/>
      </file>
      <file name="NotFound.js" path="/home/kye/Desktop/random/exercises/exercise-digimon-finders/src/pages/NotFound.js">
        <metrics statements="1" coveredstatements="1" conditionals="0" coveredconditionals="0" methods="1" coveredmethods="1"/>
        <line num="8" count="1" type="stmt"/>
      </file>
      <file name="Search.js" path="/home/kye/Desktop/random/exercises/exercise-digimon-finders/src/pages/Search.js">
        <metrics statements="16" coveredstatements="15" conditionals="4" coveredconditionals="3" methods="5" coveredmethods="5"/>
        <line num="9" count="8" type="stmt"/>
        <line num="10" count="8" type="stmt"/>
        <line num="12" count="8" type="stmt"/>
        <line num="13" count="8" type="stmt"/>
        <line num="17" count="20" type="stmt"/>
        <line num="21" count="2" type="stmt"/>
        <line num="22" count="2" type="cond" truecount="1" falsecount="1"/>
        <line num="23" count="2" type="stmt"/>
        <line num="24" count="2" type="stmt"/>
        <line num="25" count="2" type="stmt"/>
        <line num="26" count="2" type="stmt"/>
        <line num="27" count="2" type="stmt"/>
        <line num="33" count="0" type="stmt"/>
        <line num="39" count="30" type="stmt"/>
        <line num="40" count="30" type="stmt"/>
        <line num="51" count="20" type="stmt"/>
      </file>
    </package>
  </project>
</coverage>
