{"/home/kye/Desktop/random/exercises/exercise-digimon-finders/src/App.js": {"path":"/home/kye/Desktop/random/exercises/exercise-digimon-finders/src/App.js","statementMap":{"0":{"start":{"line":10,"column":4},"end":{"line":16,"column":6}}},"fnMap":{"0":{"name":"(anonymous_0)","decl":{"start":{"line":9,"column":2},"end":{"line":9,"column":3}},"loc":{"start":{"line":9,"column":11},"end":{"line":17,"column":3}},"line":9}},"branchMap":{},"s":{"0":8},"f":{"0":8},"b":{},"_coverageSchema":"1a1c01bbd47fc00a2c39e90264f33305004495a9","hash":"e0f96ecfeb895af9d895bd755082fe95c2adc7d9"}
,"/home/kye/Desktop/random/exercises/exercise-digimon-finders/src/renderWithRouter.js": {"path":"/home/kye/Desktop/random/exercises/exercise-digimon-finders/src/renderWithRouter.js","statementMap":{"0":{"start":{"line":6,"column":25},"end":{"line":11,"column":1}},"1":{"start":{"line":7,"column":18},"end":{"line":7,"column":39}},"2":{"start":{"line":8,"column":2},"end":{"line":10,"column":5}}},"fnMap":{"0":{"name":"(anonymous_0)","decl":{"start":{"line":6,"column":25},"end":{"line":6,"column":26}},"loc":{"start":{"line":6,"column":40},"end":{"line":11,"column":1}},"line":6}},"branchMap":{},"s":{"0":2,"1":8,"2":8},"f":{"0":8},"b":{},"_coverageSchema":"1a1c01bbd47fc00a2c39e90264f33305004495a9","hash":"e50932ba73dca526bb00a2fea955bc5bc1db8a7e"}
,"/home/kye/Desktop/random/exercises/exercise-digimon-finders/src/components/Digimon.js": {"path":"/home/kye/Desktop/random/exercises/exercise-digimon-finders/src/components/Digimon.js","statementMap":{"0":{"start":{"line":6,"column":2},"end":{"line":8,"column":3}},"1":{"start":{"line":7,"column":4},"end":{"line":7,"column":40}},"2":{"start":{"line":10,"column":2},"end":{"line":16,"column":4}},"3":{"start":{"line":19,"column":0},"end":{"line":26,"column":2}},"4":{"start":{"line":28,"column":0},"end":{"line":31,"column":2}}},"fnMap":{"0":{"name":"Digimon","decl":{"start":{"line":5,"column":9},"end":{"line":5,"column":16}},"loc":{"start":{"line":5,"column":37},"end":{"line":17,"column":1}},"line":5}},"branchMap":{"0":{"loc":{"start":{"line":6,"column":2},"end":{"line":8,"column":3}},"type":"if","locations":[{"start":{"line":6,"column":2},"end":{"line":8,"column":3}},{"start":{},"end":{}}],"line":6}},"s":{"0":2,"1":1,"2":1,"3":2,"4":2},"f":{"0":2},"b":{"0":[1,1]},"_coverageSchema":"1a1c01bbd47fc00a2c39e90264f33305004495a9","hash":"88b834259a4542cdb47c2498047b1a5775a2263d"}
,"/home/kye/Desktop/random/exercises/exercise-digimon-finders/src/components/Header.js": {"path":"/home/kye/Desktop/random/exercises/exercise-digimon-finders/src/components/Header.js","statementMap":{"0":{"start":{"line":8,"column":4},"end":{"line":20,"column":6}}},"fnMap":{"0":{"name":"(anonymous_0)","decl":{"start":{"line":7,"column":2},"end":{"line":7,"column":3}},"loc":{"start":{"line":7,"column":11},"end":{"line":21,"column":3}},"line":7}},"branchMap":{},"s":{"0":32},"f":{"0":32},"b":{},"_coverageSchema":"1a1c01bbd47fc00a2c39e90264f33305004495a9","hash":"b072f24b30062d427e839b861e2d2aaf94537253"}
,"/home/kye/Desktop/random/exercises/exercise-digimon-finders/src/images/crying_digimon.webp": {"path":"/home/kye/Desktop/random/exercises/exercise-digimon-finders/src/images/crying_digimon.webp","statementMap":{"0":{"start":{"line":1,"column":0},"end":{"line":1,"column":39}}},"fnMap":{},"branchMap":{},"s":{"0":2},"f":{},"b":{},"inputSourceMap":null,"_coverageSchema":"1a1c01bbd47fc00a2c39e90264f33305004495a9","hash":"885b7a1301879d1555c2593108440259b19c0093"}
,"/home/kye/Desktop/random/exercises/exercise-digimon-finders/src/images/digimon_group.jpeg": {"path":"/home/kye/Desktop/random/exercises/exercise-digimon-finders/src/images/digimon_group.jpeg","statementMap":{"0":{"start":{"line":1,"column":0},"end":{"line":1,"column":38}}},"fnMap":{},"branchMap":{},"s":{"0":2},"f":{},"b":{},"inputSourceMap":null,"_coverageSchema":"1a1c01bbd47fc00a2c39e90264f33305004495a9","hash":"ce5e4a4a353a5ccab80012fa33013b2335161f8f"}
,"/home/kye/Desktop/random/exercises/exercise-digimon-finders/src/images/logodigimon.webp": {"path":"/home/kye/Desktop/random/exercises/exercise-digimon-finders/src/images/logodigimon.webp","statementMap":{"0":{"start":{"line":1,"column":0},"end":{"line":1,"column":36}}},"fnMap":{},"branchMap":{},"s":{"0":2},"f":{},"b":{},"inputSourceMap":null,"_coverageSchema":"1a1c01bbd47fc00a2c39e90264f33305004495a9","hash":"6d08fc1411f9c67a5812bde9a0b92c8b689ab953"}
,"/home/kye/Desktop/random/exercises/exercise-digimon-finders/src/pages/About.js": {"path":"/home/kye/Desktop/random/exercises/exercise-digimon-finders/src/pages/About.js","statementMap":{"0":{"start":{"line":8,"column":4},"end":{"line":34,"column":6}}},"fnMap":{"0":{"name":"(anonymous_0)","decl":{"start":{"line":7,"column":2},"end":{"line":7,"column":3}},"loc":{"start":{"line":7,"column":11},"end":{"line":35,"column":3}},"line":7}},"branchMap":{},"s":{"0":1},"f":{"0":1},"b":{},"_coverageSchema":"1a1c01bbd47fc00a2c39e90264f33305004495a9","hash":"cda6b162c6bfc0b15035fa91c352965c23a4b654"}
,"/home/kye/Desktop/random/exercises/exercise-digimon-finders/src/pages/NotFound.js": {"path":"/home/kye/Desktop/random/exercises/exercise-digimon-finders/src/pages/NotFound.js","statementMap":{"0":{"start":{"line":8,"column":4},"end":{"line":20,"column":6}}},"fnMap":{"0":{"name":"(anonymous_0)","decl":{"start":{"line":7,"column":2},"end":{"line":7,"column":3}},"loc":{"start":{"line":7,"column":11},"end":{"line":21,"column":3}},"line":7}},"branchMap":{},"s":{"0":1},"f":{"0":1},"b":{},"_coverageSchema":"1a1c01bbd47fc00a2c39e90264f33305004495a9","hash":"7305e1be348201eda8409db2337c522e8d22001a"}
,"/home/kye/Desktop/random/exercises/exercise-digimon-finders/src/pages/Search.js": {"path":"/home/kye/Desktop/random/exercises/exercise-digimon-finders/src/pages/Search.js","statementMap":{"0":{"start":{"line":9,"column":4},"end":{"line":9,"column":12}},"1":{"start":{"line":10,"column":4},"end":{"line":10,"column":75}},"2":{"start":{"line":12,"column":4},"end":{"line":12,"column":49}},"3":{"start":{"line":13,"column":4},"end":{"line":13,"column":57}},"4":{"start":{"line":17,"column":4},"end":{"line":17,"column":37}},"5":{"start":{"line":21,"column":30},"end":{"line":21,"column":40}},"6":{"start":{"line":22,"column":4},"end":{"line":35,"column":5}},"7":{"start":{"line":23,"column":6},"end":{"line":34,"column":7}},"8":{"start":{"line":24,"column":20},"end":{"line":24,"column":69}},"9":{"start":{"line":25,"column":23},"end":{"line":25,"column":61}},"10":{"start":{"line":26,"column":25},"end":{"line":26,"column":44}},"11":{"start":{"line":27,"column":8},"end":{"line":31,"column":11}},"12":{"start":{"line":33,"column":8},"end":{"line":33,"column":60}},"13":{"start":{"line":39,"column":64},"end":{"line":39,"column":74}},"14":{"start":{"line":40,"column":4},"end":{"line":63,"column":6}},"15":{"start":{"line":51,"column":41},"end":{"line":51,"column":70}}},"fnMap":{"0":{"name":"(anonymous_0)","decl":{"start":{"line":8,"column":2},"end":{"line":8,"column":3}},"loc":{"start":{"line":8,"column":16},"end":{"line":14,"column":3}},"line":8},"1":{"name":"(anonymous_1)","decl":{"start":{"line":16,"column":2},"end":{"line":16,"column":3}},"loc":{"start":{"line":16,"column":28},"end":{"line":18,"column":3}},"line":16},"2":{"name":"(anonymous_2)","decl":{"start":{"line":20,"column":2},"end":{"line":20,"column":3}},"loc":{"start":{"line":20,"column":25},"end":{"line":36,"column":3}},"line":20},"3":{"name":"(anonymous_3)","decl":{"start":{"line":38,"column":2},"end":{"line":38,"column":3}},"loc":{"start":{"line":38,"column":11},"end":{"line":64,"column":3}},"line":38},"4":{"name":"(anonymous_4)","decl":{"start":{"line":51,"column":25},"end":{"line":51,"column":26}},"loc":{"start":{"line":51,"column":41},"end":{"line":51,"column":70}},"line":51}},"branchMap":{"0":{"loc":{"start":{"line":22,"column":4},"end":{"line":35,"column":5}},"type":"if","locations":[{"start":{"line":22,"column":4},"end":{"line":35,"column":5}},{"start":{},"end":{}}],"line":22},"1":{"loc":{"start":{"line":60,"column":11},"end":{"line":60,"column":78}},"type":"binary-expr","locations":[{"start":{"line":60,"column":11},"end":{"line":60,"column":20}},{"start":{"line":60,"column":24},"end":{"line":60,"column":78}}],"line":60}},"s":{"0":8,"1":8,"2":8,"3":8,"4":20,"5":2,"6":2,"7":2,"8":2,"9":2,"10":2,"11":2,"12":0,"13":30,"14":30,"15":20},"f":{"0":8,"1":20,"2":2,"3":30,"4":20},"b":{"0":[2,0],"1":[30,2]},"_coverageSchema":"1a1c01bbd47fc00a2c39e90264f33305004495a9","hash":"bfcfa549392d5272158a6a6ffd85869cc8735fe5"}
}
