TN:
SF:src/App.js
FN:9,(anonymous_0)
FNF:1
FNH:1
FNDA:8,(anonymous_0)
DA:10,8
LF:1
LH:1
BRF:0
BRH:0
end_of_record
TN:
SF:src/renderWithRouter.js
FN:6,(anonymous_0)
FNF:1
FNH:1
FNDA:8,(anonymous_0)
DA:6,2
DA:7,8
DA:8,8
LF:3
LH:3
BRF:0
BRH:0
end_of_record
TN:
SF:src/components/Digimon.js
FN:5,Digimon
FNF:1
FNH:1
FNDA:2,Digimon
DA:6,2
DA:7,1
DA:10,1
DA:19,2
DA:28,2
LF:5
LH:5
BRDA:6,0,0,1
BRDA:6,0,1,1
BRF:2
BRH:2
end_of_record
TN:
SF:src/components/Header.js
FN:7,(anonymous_0)
FNF:1
FNH:1
FNDA:32,(anonymous_0)
DA:8,32
LF:1
LH:1
BRF:0
BRH:0
end_of_record
TN:
SF:src/images/crying_digimon.webp
FNF:0
FNH:0
DA:1,2
LF:1
LH:1
BRF:0
BRH:0
end_of_record
TN:
SF:src/images/digimon_group.jpeg
FNF:0
FNH:0
DA:1,2
LF:1
LH:1
BRF:0
BRH:0
end_of_record
TN:
SF:src/images/logodigimon.webp
FNF:0
FNH:0
DA:1,2
LF:1
LH:1
BRF:0
BRH:0
end_of_record
TN:
SF:src/pages/About.js
FN:7,(anonymous_0)
FNF:1
FNH:1
FNDA:1,(anonymous_0)
DA:8,1
LF:1
LH:1
BRF:0
BRH:0
end_of_record
TN:
SF:src/pages/NotFound.js
FN:7,(anonymous_0)
FNF:1
FNH:1
FNDA:1,(anonymous_0)
DA:8,1
LF:1
LH:1
BRF:0
BRH:0
end_of_record
TN:
SF:src/pages/Search.js
FN:8,(anonymous_0)
FN:16,(anonymous_1)
FN:20,(anonymous_2)
FN:38,(anonymous_3)
FN:51,(anonymous_4)
FNF:5
FNH:5
FNDA:8,(anonymous_0)
FNDA:20,(anonymous_1)
FNDA:2,(anonymous_2)
FNDA:30,(anonymous_3)
FNDA:20,(anonymous_4)
DA:9,8
DA:10,8
DA:12,8
DA:13,8
DA:17,20
DA:21,2
DA:22,2
DA:23,2
DA:24,2
DA:25,2
DA:26,2
DA:27,2
DA:33,0
DA:39,30
DA:40,30
DA:51,20
LF:16
LH:15
BRDA:22,0,0,2
BRDA:22,0,1,0
BRDA:60,1,0,30
BRDA:60,1,1,2
BRF:4
BRH:3
end_of_record
